\BOOKMARK [1][-]{section.1}{\376\377\000I\000n\000t\000r\000o\000d\000u\000c\000t\000i\000o\000n}{}% 1
\BOOKMARK [1][-]{section.2}{\376\377\000S\000o\000l\000u\000t\000i\000o\000n\000\040\000O\000v\000e\000r\000v\000i\000e\000w}{}% 2
\BOOKMARK [1][-]{section.3}{\376\377\000D\000e\000t\000a\000i\000l\000s\000\040\000o\000f\000\040\000S\000e\000l\000e\000c\000t\000e\000d\000\040\000S\000o\000l\000u\000t\000i\000o\000n\000s}{}% 3
\BOOKMARK [2][-]{subsection.3.1}{\376\377\000S\000o\000l\000u\000t\000i\000o\000n\000\040\000S\000o\000l\0001}{section.3}% 4
\BOOKMARK [2][-]{subsection.3.2}{\376\377\000S\000o\000l\000u\000t\000i\000o\000n\000\040\000S\000o\000l\0002}{section.3}% 5
\BOOKMARK [2][-]{subsection.3.3}{\376\377\000S\000o\000l\000u\000t\000i\000o\000n\000\040\000S\000o\000l\0003}{section.3}% 6
\BOOKMARK [2][-]{subsection.3.4}{\376\377\000S\000o\000l\000u\000t\000i\000o\000n\000\040\000S\000o\000l\0004}{section.3}% 7
\BOOKMARK [2][-]{subsection.3.5}{\376\377\000S\000o\000l\000u\000t\000i\000o\000n\000\040\000S\000o\000l\0005}{section.3}% 8
\BOOKMARK [2][-]{subsection.3.6}{\376\377\000S\000o\000l\000u\000t\000i\000o\000n\000\040\000S\000o\000l\0006}{section.3}% 9
\BOOKMARK [2][-]{subsection.3.7}{\376\377\000S\000o\000l\000u\000t\000i\000o\000n\000\040\000S\000o\000l\0007}{section.3}% 10
\BOOKMARK [2][-]{subsection.3.8}{\376\377\000S\000o\000l\000u\000t\000i\000o\000n\000\040\000S\000o\000l\0008}{section.3}% 11
\BOOKMARK [2][-]{subsection.3.9}{\376\377\000S\000o\000l\000u\000t\000i\000o\000n\000\040\000S\000o\000l\0009}{section.3}% 12
\BOOKMARK [2][-]{subsection.3.10}{\376\377\000S\000o\000l\000u\000t\000i\000o\000n\000\040\000S\000o\000l\0001\0000}{section.3}% 13
\BOOKMARK [2][-]{subsection.3.11}{\376\377\000S\000o\000l\000u\000t\000i\000o\000n\000\040\000S\000o\000l\0001\0001}{section.3}% 14
\BOOKMARK [2][-]{subsection.3.12}{\376\377\000S\000o\000l\000u\000t\000i\000o\000n\000\040\000S\000o\000l\0001\0002}{section.3}% 15
\BOOKMARK [2][-]{subsection.3.13}{\376\377\000S\000o\000l\000u\000t\000i\000o\000n\000\040\000S\000o\000l\0001\0003}{section.3}% 16
\BOOKMARK [2][-]{subsection.3.14}{\376\377\000S\000o\000l\000u\000t\000i\000o\000n\000\040\000S\000o\000l\0001\0004}{section.3}% 17
\BOOKMARK [2][-]{subsection.3.15}{\376\377\000S\000o\000l\000u\000t\000i\000o\000n\000\040\000S\000o\000l\0001\0005}{section.3}% 18
\BOOKMARK [2][-]{subsection.3.16}{\376\377\000S\000o\000l\000u\000t\000i\000o\000n\000\040\000S\000o\000l\0001\0006}{section.3}% 19
\BOOKMARK [2][-]{subsection.3.17}{\376\377\000S\000o\000l\000u\000t\000i\000o\000n\000\040\000S\000o\000l\0001\0007}{section.3}% 20
\BOOKMARK [2][-]{subsection.3.18}{\376\377\000S\000o\000l\000u\000t\000i\000o\000n\000\040\000S\000o\000l\0001\0008}{section.3}% 21
\BOOKMARK [2][-]{subsection.3.19}{\376\377\000S\000o\000l\000u\000t\000i\000o\000n\000\040\000S\000o\000l\0001\0009}{section.3}% 22
\BOOKMARK [2][-]{subsection.3.20}{\376\377\000S\000o\000l\000u\000t\000i\000o\000n\000\040\000S\000o\000l\0002\0000}{section.3}% 23
\BOOKMARK [2][-]{subsection.3.21}{\376\377\000S\000o\000l\000u\000t\000i\000o\000n\000\040\000S\000o\000l\0002\0001}{section.3}% 24
\BOOKMARK [2][-]{subsection.3.22}{\376\377\000S\000o\000l\000u\000t\000i\000o\000n\000\040\000S\000o\000l\0002\0002}{section.3}% 25
\BOOKMARK [2][-]{subsection.3.23}{\376\377\000S\000o\000l\000u\000t\000i\000o\000n\000\040\000S\000o\000l\0002\0003}{section.3}% 26
\BOOKMARK [2][-]{subsection.3.24}{\376\377\000S\000o\000l\000u\000t\000i\000o\000n\000\040\000S\000o\000l\0002\0004}{section.3}% 27
\BOOKMARK [2][-]{subsection.3.25}{\376\377\000S\000o\000l\000u\000t\000i\000o\000n\000\040\000S\000o\000l\0002\0005}{section.3}% 28
\BOOKMARK [2][-]{subsection.3.26}{\376\377\000S\000o\000l\000u\000t\000i\000o\000n\000\040\000S\000o\000l\0002\0006}{section.3}% 29
\BOOKMARK [2][-]{subsection.3.27}{\376\377\000S\000o\000l\000u\000t\000i\000o\000n\000\040\000S\000o\000l\0002\0007}{section.3}% 30
\BOOKMARK [2][-]{subsection.3.28}{\376\377\000S\000o\000l\000u\000t\000i\000o\000n\000\040\000S\000o\000l\0002\0008}{section.3}% 31
\BOOKMARK [2][-]{subsection.3.29}{\376\377\000S\000o\000l\000u\000t\000i\000o\000n\000\040\000S\000o\000l\0002\0009}{section.3}% 32
\BOOKMARK [2][-]{subsection.3.30}{\376\377\000S\000o\000l\000u\000t\000i\000o\000n\000\040\000S\000o\000l\0003\0000}{section.3}% 33
\BOOKMARK [2][-]{subsection.3.31}{\376\377\000S\000o\000l\000u\000t\000i\000o\000n\000\040\000S\000o\000l\0003\0001}{section.3}% 34
\BOOKMARK [2][-]{subsection.3.32}{\376\377\000S\000o\000l\000u\000t\000i\000o\000n\000\040\000S\000o\000l\0003\0002}{section.3}% 35
\BOOKMARK [2][-]{subsection.3.33}{\376\377\000S\000o\000l\000u\000t\000i\000o\000n\000\040\000S\000o\000l\0003\0003}{section.3}% 36
\BOOKMARK [2][-]{subsection.3.34}{\376\377\000S\000o\000l\000u\000t\000i\000o\000n\000\040\000S\000o\000l\0003\0004}{section.3}% 37
\BOOKMARK [2][-]{subsection.3.35}{\376\377\000S\000o\000l\000u\000t\000i\000o\000n\000\040\000S\000o\000l\0003\0005}{section.3}% 38
\BOOKMARK [2][-]{subsection.3.36}{\376\377\000S\000o\000l\000u\000t\000i\000o\000n\000\040\000S\000o\000l\0003\0006}{section.3}% 39
\BOOKMARK [2][-]{subsection.3.37}{\376\377\000S\000o\000l\000u\000t\000i\000o\000n\000\040\000S\000o\000l\0003\0007}{section.3}% 40
\BOOKMARK [2][-]{subsection.3.38}{\376\377\000S\000o\000l\000u\000t\000i\000o\000n\000\040\000S\000o\000l\0003\0008}{section.3}% 41
\BOOKMARK [2][-]{subsection.3.39}{\376\377\000S\000o\000l\000u\000t\000i\000o\000n\000\040\000S\000o\000l\0003\0009}{section.3}% 42
\BOOKMARK [2][-]{subsection.3.40}{\376\377\000S\000o\000l\000u\000t\000i\000o\000n\000\040\000S\000o\000l\0004\0000}{section.3}% 43
\BOOKMARK [2][-]{subsection.3.41}{\376\377\000S\000o\000l\000u\000t\000i\000o\000n\000\040\000S\000o\000l\0004\0001}{section.3}% 44
\BOOKMARK [2][-]{subsection.3.42}{\376\377\000S\000o\000l\000u\000t\000i\000o\000n\000\040\000S\000o\000l\0004\0002}{section.3}% 45
\BOOKMARK [2][-]{subsection.3.43}{\376\377\000S\000o\000l\000u\000t\000i\000o\000n\000\040\000S\000o\000l\0004\0003}{section.3}% 46
\BOOKMARK [2][-]{subsection.3.44}{\376\377\000S\000o\000l\000u\000t\000i\000o\000n\000\040\000S\000o\000l\0004\0004}{section.3}% 47
\BOOKMARK [2][-]{subsection.3.45}{\376\377\000S\000o\000l\000u\000t\000i\000o\000n\000\040\000S\000o\000l\0004\0005}{section.3}% 48
\BOOKMARK [2][-]{subsection.3.46}{\376\377\000S\000o\000l\000u\000t\000i\000o\000n\000\040\000S\000o\000l\0004\0006}{section.3}% 49
\BOOKMARK [2][-]{subsection.3.47}{\376\377\000S\000o\000l\000u\000t\000i\000o\000n\000\040\000S\000o\000l\0004\0007}{section.3}% 50
\BOOKMARK [2][-]{subsection.3.48}{\376\377\000S\000o\000l\000u\000t\000i\000o\000n\000\040\000S\000o\000l\0004\0008}{section.3}% 51
\BOOKMARK [2][-]{subsection.3.49}{\376\377\000S\000o\000l\000u\000t\000i\000o\000n\000\040\000S\000o\000l\0004\0009}{section.3}% 52
\BOOKMARK [2][-]{subsection.3.50}{\376\377\000S\000o\000l\000u\000t\000i\000o\000n\000\040\000S\000o\000l\0005\0000}{section.3}% 53
\BOOKMARK [2][-]{subsection.3.51}{\376\377\000S\000o\000l\000u\000t\000i\000o\000n\000\040\000S\000o\000l\0005\0001}{section.3}% 54
\BOOKMARK [2][-]{subsection.3.52}{\376\377\000S\000o\000l\000u\000t\000i\000o\000n\000\040\000S\000o\000l\0005\0002}{section.3}% 55
\BOOKMARK [2][-]{subsection.3.53}{\376\377\000S\000o\000l\000u\000t\000i\000o\000n\000\040\000S\000o\000l\0005\0003}{section.3}% 56
\BOOKMARK [2][-]{subsection.3.54}{\376\377\000S\000o\000l\000u\000t\000i\000o\000n\000\040\000S\000o\000l\0005\0004}{section.3}% 57
\BOOKMARK [2][-]{subsection.3.55}{\376\377\000S\000o\000l\000u\000t\000i\000o\000n\000\040\000S\000o\000l\0005\0005}{section.3}% 58
\BOOKMARK [2][-]{subsection.3.56}{\376\377\000S\000o\000l\000u\000t\000i\000o\000n\000\040\000S\000o\000l\0005\0006}{section.3}% 59
\BOOKMARK [2][-]{subsection.3.57}{\376\377\000S\000o\000l\000u\000t\000i\000o\000n\000\040\000S\000o\000l\0005\0007}{section.3}% 60
\BOOKMARK [2][-]{subsection.3.58}{\376\377\000S\000o\000l\000u\000t\000i\000o\000n\000\040\000S\000o\000l\0005\0008}{section.3}% 61
\BOOKMARK [2][-]{subsection.3.59}{\376\377\000S\000o\000l\000u\000t\000i\000o\000n\000\040\000S\000o\000l\0005\0009}{section.3}% 62
